<?xml version="1.0" encoding="UTF-8"?>
<!-- Generated by org.testng.reporters.JUnitXMLReporter -->
<testsuite hostname="LAPTOP-H8ROSALT" ignored="0" name="Test" tests="5" failures="1" timestamp="12 Feb 2019 20:51:33 GMT" time="105.757" errors="0">
  <testcase name="verifyHomePageTitleTest" time="0.026" classname="com.crm.qa.testcases.HomePageTest">
    <failure type="java.lang.AssertionError" message="Home page title not matched expected [CRMPR] but found [CRMPRO]">
      <![CDATA[java.lang.AssertionError: Home page title not matched expected [CRMPR] but found [CRMPRO]
	at com.crm.qa.testcases.HomePageTest.verifyHomePageTitleTest(HomePageTest.java:55)
... Removed 30 stack frames]]>
    </failure>
  </testcase> <!-- verifyHomePageTitleTest -->
  <testcase name="verifyUsernameTest" time="5.126" classname="com.crm.qa.testcases.HomePageTest"/>
  <testcase name="verifContactsLinkTest" time="1.372" classname="com.crm.qa.testcases.HomePageTest"/>
  <testcase name="verfiyDealsLinkTest" time="1.369" classname="com.crm.qa.testcases.HomePageTest"/>
  <testcase name="verfiyTasksLinkTest" time="1.421" classname="com.crm.qa.testcases.HomePageTest"/>
</testsuite> <!-- Test -->
