<?xml version="1.0" encoding="UTF-8"?>
<!-- Generated by org.testng.reporters.JUnitXMLReporter -->
<testsuite hostname="LAPTOP-H8ROSALT" ignored="0" name="Default test" tests="5" failures="0" timestamp="12 Feb 2019 15:40:57 GMT" time="158.329" errors="0">
  <testcase name="verifyHomePageTitleTest" time="0.032" classname="com.crm.qa.testcases.HomePageTest"/>
  <testcase name="verifyUsernameTest" time="5.195" classname="com.crm.qa.testcases.HomePageTest"/>
  <testcase name="verifContactsLinkTest" time="2.266" classname="com.crm.qa.testcases.HomePageTest"/>
  <testcase name="verfiyDealsLinkTest" time="4.397" classname="com.crm.qa.testcases.HomePageTest"/>
  <testcase name="verfiyTasksLinkTest" time="1.414" classname="com.crm.qa.testcases.HomePageTest"/>
</testsuite> <!-- Default test -->
